<?xml version="1.0" encoding="UTF-8"?>
<!-- Generated by org.testng.reporters.JUnitReportReporter -->
<testsuite hostname="Raashids-MacBook-Air.local" failures="0" tests="1" name="tests.SearchTest" time="7.170" errors="0" timestamp="09 Nov. 2023 23:38:18 GMT" skipped="0">
  <testcase classname="tests.SearchTest" name="searchBehavox" time="7.170"/>
</testsuite> <!-- tests.SearchTest -->
