<?xml version="1.0" encoding="UTF-8"?>
<!-- Generated by org.testng.reporters.JUnitReportReporter -->
<testsuite hostname="Raashids-MacBook-Air.local" failures="0" tests="1" name="tests.SearchTest" time="9.767" errors="0" timestamp="09 Nov. 2023 22:44:35 GMT" skipped="0">
  <testcase classname="tests.SearchTest" name="searchBehavox" time="9.767"/>
</testsuite> <!-- tests.SearchTest -->
