<?xml version="1.0" encoding="UTF-8"?>
<!-- Generated by org.testng.reporters.JUnitReportReporter -->
<testsuite hostname="Raashids-MacBook-Air.local" failures="0" tests="1" name="tests.LandingTest" time="21.589" errors="0" timestamp="09 Nov. 2023 23:14:50 GMT" skipped="0">
  <testcase classname="tests.LandingTest" name="navClick" time="21.589"/>
</testsuite> <!-- tests.LandingTest -->
